OS/COM
_SEALEVEL\os_tools.ini
_SEALEVEL\README.1st
Targets\INSTALL.EXE
\\tools1\projects\HELP\OSCOM.INF
\\tools1\projects\HELP\INSTALL.HLP
\\tools1\projects\HELP\CONFIG.HLP
Targets\COMi_CFG.DLL
Targets\OS2LS_UT.DLL
Targets\OS2LSRTL.DLL
Targets\INIDUMP.EXE
_SEALEVEL\VERSION.TXT
_SEALEVEL\LICENSE.TXT
_SEALEVEL\SCOMDD.SYS
Targets\PDA_INST.DLL
Icons\INSTALL.ICO
[DEMO]
_CSdemo\OS_tools.ini
_CSdemo\README.1st
_CSdemo\VERSION.TXT
_CSdemo\COMDDE.SYS
Targets\CSDEMO.EXE
Targets\CONTROL.EXE
Targets\OS2LS_PR.DLL
Targets\OS2LS_IO.DLL
Targets\COMi_CTL.DLL
Targets\SPL_DEMO.PDR
Targets\HEXFONTS.FON
source\SPLIT.C
Targets\SPLIT.EXE
source\IOCTL.C
source\IOCTL.H
Targets\INIDUMP.EXE
\\tools1\projects\HELP\CSDEMO.HLP
_CSdemo\NOTICE.TXT
_CSdemo\LICENSE.TXT
Icons\INSTALL.ICO
Icons\COMscope.ICO

