pCOMi
pCOMi\FILE_ID.DIZ
pCOMi\README.1st
INSTALL.EXE
\\tools1\projects\HELP\COMi.INF
pCOMi\VERSION.TXT
\\tools1\projects\HELP\INSTALL.HLP
\\tools1\projects\HELP\CONFIG.HLP
OS2LSRTL.DLL
OS2LS_UT.DLL
COMi_CFG.DLL
pCOMi.SYS
PDA_INST.DLL
IOCTL.C
IOCTL.H
INIDUMP.EXE
pCOMi\LICENSE.TXT
pCOMi\NOTICE.TXT
INSTALL.ICO
pCOMi\OS_tools.ini
[DEMO]
CSdemo\README.1st
CSdemo\VERSION.TXT
COMDDE.SYS
CSDEMO.EXE
CONTROL.EXE
OS2LS_PR.DLL
OS2LS_IO.DLL
COMi_CTL.DLL
SPL_DEMO.PDR
HEXFONTS.FON
CONTROL.EXE
SPLIT.C
SPLIT.EXE
IOCTL.C
IOCTL.H
INIDUMP.EXE
\\tools1\projects\HELP\CSDEMO.HLP
CSdemo\NOTICE.TXT
CSdemo\LICENSE.TXT
INSTALL.ICO
COMscope.ICO
CSdemo\OS_tools.ini

