Microsoft (R) Macro Assembler Version 6.00     		    08/24/02 23:27:18
va_large.asm						     Page 1 - 1


				;************************************************************************
				;
				; $Revision$
				;
				; $Log$
				;  
				;************************************************************************

				.386P
				.NOLISTMACRO

				.XLIST
				.LIST

 0000				_TEXT SEGMENT
				;    ASSUME CS:SCGROUP

				;void _far vaArgStart(void _far *pArgMarker,void _far *pLastArgAddr);
 0000				vaStart PROC FAR C USES ax si es, pArgMarker:DWORD, pLastArgAddr:DWORD

 0000  55		   *	    push   bp
 0001  8B EC		   *	    mov    bp, sp
 0003  50		   *	    push   ax
 0004  56		   *	    push   si
 0005  06		   *	    push   es
 0006  C4 76 06			        les     si,pArgMarker
 0009  8B 46 0A			        mov     ax,WORD PTR pLastArgAddr
 000C  83 C0 04			        add     ax,4
 000F  26: 89 04		        mov     ES:[si],ax
				        ret
 0012  07		   *	    pop    es
 0013  5E		   *	    pop    si
 0014  58		   *	    pop    ax
 0015  5D		   *	    pop    bp
 0016  CB		   *	    ret    00000h

 0017				vaStart ENDP

				;unsigned _far vaArgValue(void _far *pArgMarker,WORD wSize);

 0017				vaArgValue PROC FAR C USES bx si es, pArgMarker:DWORD, wSize:WORD

 0017  55		   *	    push   bp
 0018  8B EC		   *	    mov    bp, sp
 001A  53		   *	    push   bx
 001B  56		   *	    push   si
 001C  06		   *	    push   es
 001D  C4 76 06			        les     si,pArgMarker
 0020  26: 8B 1C		        mov     bx,ES:[si]
 0023  83 7E 0A 01		        cmp     wSize,1
 0027  75 08			        jne     @f
 0029  36: 8A 07		        mov     al,SS:[bx]
 002C  32 E4			        xor     ah,ah
 002E  43			        inc     bx
 002F  EB 1A			        jmp     exit
 0031				@@:
 0031  83 7E 0A 02		        cmp     wSize,2
 0035  75 08			        jne     @f
 0037  36: 8B 07		        mov     ax,SS:[bx]
 003A  83 C3 02			        add     bx,2
 003D  EB 0C			        jmp     exit
 003F				@@:
 003F  36: 8B 07		        mov     ax,SS:[bx]
 0042  83 C3 02			        add     bx,2
 0045  36: 8B 17		        mov     dx,SS:[bx]
 0048  83 C3 02			        add     bx,2
 004B				exit:
 004B  26: 89 1C		        mov     ES:[si],bx
				        ret
 004E  07		   *	    pop    es
 004F  5E		   *	    pop    si
 0050  5B		   *	    pop    bx
 0051  5D		   *	    pop    bp
 0052  CB		   *	    ret    00000h

 0053				vaArgValue ENDP

				;void _far *vaArgAddr(void _far *pArgMarker,WORD wSize);
 0053				vaArgAddr PROC FAR C USES bx si es, pArgMarker:DWORD, wSize:WORD

 0053  55		   *	    push   bp
 0054  8B EC		   *	    mov    bp, sp
 0056  53		   *	    push   bx
 0057  56		   *	    push   si
 0058  06		   *	    push   es
 0059  C4 76 06			        les     si,pArgMarker
 005C  26: 8B 1C		        mov     bx,ES:[si]
 005F  83 7E 0A 02		        cmp     wSize,2
 0063  77 08			        ja      @f
 0065  36: 8B 07		        mov     ax,SS:[bx]
 0068  83 C3 02			        add     bx,2
 006B  EB 0C			        jmp     exit
 006D				@@:
 006D  36: 8B 07		        mov     ax,SS:[bx]
 0070  83 C3 02			        add     bx,2
 0073  36: 8B 17		        mov     dx,SS:[bx]
 0076  83 C3 02			        add     bx,2
 0079				exit:
 0079  26: 89 1C		        mov     ES:[si],bx
				        ret
 007C  07		   *	    pop    es
 007D  5E		   *	    pop    si
 007E  5B		   *	    pop    bx
 007F  5D		   *	    pop    bp
 0080  CB		   *	    ret    00000h

 0081				vaArgAddr ENDP

 0081				_TEXT ENDS

				  END

