ConnectTech
_ConnectTech\os_tools.ini
_ConnectTech\README.1st
_ConnectTech\VERSION.TXT
targets\INSTALL.EXE
\\tools1\projects\HELP\COMi.INF
\\tools1\projects\HELP\INSTALL.HLP
\\tools1\projects\HELP\CONFIG.HLP
targets\OS2LSRTL.DLL
targets\OS2LS_UT.DLL
targets\COMi_CFG.DLL
_ConnectTech\LICENSE.TXT
_ConnectTech\CCOMM.SYS
targets\PDA_INST.DLL
source\IOCTL.C
source\IOCTL.H
targets\INIDUMP.EXE
Icons\INSTALL.ICO
[DEMO]
_CSdemo\OS_tools.ini
_CSdemo\README.1st
targets\INSTALL.EXE
\\tools1\projects\HELP\COMi.INF
_CSdemo\VERSION.TXT
_CSdemo\COMDDE.SYS
targets\CSDEMO.EXE
targets\CONTROL.EXE
targets\OS2LSRTL.DLL
targets\OS2LS_UT.DLL
targets\OS2LS_PR.DLL
targets\OS2LS_IO.DLL
targets\COMi_CTL.DLL
targets\COMi_CFG.DLL
targets\SPL_DEMO.PDR
targets\HEXFONTS.FON
targets\CONTROL.EXE
source\SPLIT.C
targets\SPLIT.EXE
source\IOCTL.C
source\IOCTL.H
targets\INIDUMP.EXE
targets\PDA_INST.DLL
\\tools1\projects\HELP\CSDEMO.HLP
\\tools1\projects\HELP\CONFIG.HLP
\\tools1\projects\HELP\INSTALL.HLP
_CSdemo\NOTICE.TXT
_CSdemo\LICENSE.TXT
Icons\INSTALL.ICO
Icons\COMscope.ICO

