COMi
_COMi\OS_tools.ini
_COMi\README.1st
targets\INSTALL.EXE
\\tools1\projects\HELP\COMi.INF
_COMi\VERSION.TXT
\\tools1\projects\HELP\INSTALL.HLP
\\tools1\projects\HELP\CONFIG.HLP
targets\OS2LSRTL.DLL
targets\OS2LS_UT.DLL
targets\COMi_CFG.DLL
TextSource\LICENSE.TXT
_COMi\COMDD.SYS
targets\PDA_INST.DLL
source\IOCTL.C
source\IOCTL.H
targets\INIDUMP.EXE
icons\INSTALL.ICO
[DEMO]
_CSdemo\OS_tools.ini
_CSdemo\README.1st
_CSdemo\VERSION.TXT
_CSdemo\COMDDE.SYS
targets\CSDEMO.EXE
targets\CONTROL.EXE
targets\OS2LS_PR.DLL
targets\OS2LS_IO.DLL
targets\COMi_CTL.DLL
targets\SPL_DEMO.PDR
targets\HEXFONTS.FON
source\SPLIT.C
targets\SPLIT.EXE
source\IOCTL.C
source\IOCTL.H
targets\INIDUMP.EXE
\\tools1\projects\HELP\CSDEMO.HLP
_CSdemo\NOTICE.TXT
_CSdemo\LICENSE.TXT
icons\INSTALL.ICO
icons\COMscope.ICO

