COMsuite
_COMsuite\OS_tools.ini
_COMsuite\README.1st
targets\INSTALL.EXE
\\tools1\projects\help\COMi.INF
_COMsuite\VERSION.TXT
targets\COMscope.EXE
targets\CONTROL.EXE
targets\OS2LSRTL.DLL
targets\OS2LS_UT.DLL
targets\OS2LS_PR.DLL
targets\OS2LS_IO.DLL
targets\COMi_CFG.DLL
targets\COMi_CTL.DLL
targets\COMi_SPL.PDR
targets\HEXFONTS.FON
\\tools1\projects\help\INSTALL.HLP
\\tools1\projects\help\COMscope.HLP
\\tools1\projects\help\CONFIG.HLP
targets\PDA_INST.DLL
_COMi\COMDD.SYS
targets\CONTROL.EXE
source\SPLIT.C
targets\SPLIT.EXE
source\IOCTL.C
source\IOCTL.H
targets\INIDUMP.EXE
TextSource\LICENSE.TXT
icons\COMscope.ICO
icons\INSTALL.ICO

